#
# There is insufficient memory for the Java Runtime Environment to continue.
# Native memory allocation (malloc) failed to allocate 1913456 bytes for Chunk::new
# Possible reasons:
#   The system is out of physical RAM or swap space
#   The process is running with CompressedOops enabled, and the Java Heap may be blocking the growth of the native heap
# Possible solutions:
#   Reduce memory load on the system
#   Increase physical memory or swap space
#   Check if swap backing store is full
#   Decrease Java heap size (-Xmx/-Xms)
#   Decrease number of Java threads
#   Decrease Java thread stack sizes (-Xss)
#   Set larger code cache with -XX:ReservedCodeCacheSize=
#   JVM is running with Unscaled Compressed Oops mode in which the Java heap is
#     placed in the first 4GB address space. The Java Heap base address is the
#     maximum limit for the native heap growth. Please use -XX:HeapBaseMinAddress
#     to set the Java Heap base and to place the Java Heap above 4GB virtual address.
# This output file may be truncated or incomplete.
#
#  Out of Memory Error (./open/src/hotspot/share/memory/arena.cpp:197), pid=86960, tid=32880
#
# JRE version: Java(TM) SE Runtime Environment 18.9 (11.0.16.1+1) (build 11.0.16.1+1-LTS-1)
# Java VM: Java HotSpot(TM) 64-Bit Server VM 18.9 (11.0.16.1+1-LTS-1, mixed mode, tiered, compressed oops, g1 gc, windows-amd64)
# No core dump will be written. Minidumps are not enabled by default on client versions of Windows
#

---------------  S U M M A R Y ------------

Command Line: --add-opens=java.base/java.util=ALL-UNNAMED --add-opens=java.base/java.lang=ALL-UNNAMED --add-opens=java.base/java.lang.invoke=ALL-UNNAMED --add-opens=java.base/java.util=ALL-UNNAMED --add-opens=java.prefs/java.util.prefs=ALL-UNNAMED --add-opens=java.prefs/java.util.prefs=ALL-UNNAMED --add-opens=java.base/java.nio.charset=ALL-UNNAMED --add-opens=java.base/java.net=ALL-UNNAMED --add-opens=java.base/java.util.concurrent.atomic=ALL-UNNAMED -Xmx2048m -Dfile.encoding=UTF-8 -Duser.country=CN -Duser.language=zh -Duser.variant org.gradle.launcher.daemon.bootstrap.GradleDaemon 7.4

Host: Intel(R) Core(TM) i7-10710U CPU @ 1.10GHz, 12 cores, 15G,  Windows 10 , 64 bit Build 19041 (10.0.19041.1889)
Time: Sun Nov  6 21:58:47 2022  Windows 10 , 64 bit Build 19041 (10.0.19041.1889) elapsed time: 11.428150 seconds (0d 0h 0m 11s)

---------------  T H R E A D  ---------------

Current thread (0x0000026ac3ab1000):  JavaThread "C2 CompilerThread1" daemon [_thread_in_native, id=32880, stack(0x0000007d6d200000,0x0000007d6d300000)]


Current CompileTask:
C2:  11428 3586   !   4       java.net.URLClassLoader$1::run (81 bytes)

Stack: [0x0000007d6d200000,0x0000007d6d300000]
Native frames: (J=compiled Java code, j=interpreted, Vv=VM code, C=native code)
V  [jvm.dll+0x62a3da]
V  [jvm.dll+0x76407f]
V  [jvm.dll+0x765729]
V  [jvm.dll+0x765db3]
V  [jvm.dll+0x23dc18]
V  [jvm.dll+0xb2a1c]
V  [jvm.dll+0xb2fdc]
V  [jvm.dll+0x341452]
V  [jvm.dll+0x30ee03]
V  [jvm.dll+0x30e14a]
V  [jvm.dll+0x1f8685]
V  [jvm.dll+0x1f786d]
V  [jvm.dll+0x177c81]
V  [jvm.dll+0x207186]
V  [jvm.dll+0x20531b]
V  [jvm.dll+0x729f60]
V  [jvm.dll+0x722b34]
V  [jvm.dll+0x629276]
C  [ucrtbase.dll+0x21bb2]
C  [KERNEL32.DLL+0x17034]
C  [ntdll.dll+0x526a1]


---------------  P R O C E S S  ---------------

Threads class SMR info:
_java_thread_list=0x0000026ac2af71a0, length=36, elements={
0x0000026aa18b1000, 0x0000026ac05b6800, 0x0000026ac05c0000, 0x0000026ac062d000,
0x0000026ac062f000, 0x0000026ac0630800, 0x0000026ac0634000, 0x0000026ac0639800,
0x0000026ac063b000, 0x0000026ac07b2800, 0x0000026ac18e0000, 0x0000026ac140d000,
0x0000026ac2150800, 0x0000026ac14c7000, 0x0000026ac3760800, 0x0000026ac2060000,
0x0000026ac28a9000, 0x0000026ac2755000, 0x0000026ac1f8e800, 0x0000026ac27f9000,
0x0000026ac27f6800, 0x0000026ac27f7000, 0x0000026ac27f8000, 0x0000026ac27f9800,
0x0000026ac27f4800, 0x0000026ac27f4000, 0x0000026ac27fa800, 0x0000026ac27f5800,
0x0000026ac3c1f000, 0x0000026ac3ab1000, 0x0000026ac3c1b800, 0x0000026ac3c20800,
0x0000026ac3c21800, 0x0000026ac3c1d800, 0x0000026ac3c1e000, 0x0000026ac5f87800
}

Java Threads: ( => current thread )
  0x0000026aa18b1000 JavaThread "main" [_thread_blocked, id=78856, stack(0x0000007d6a300000,0x0000007d6a400000)]
  0x0000026ac05b6800 JavaThread "Reference Handler" daemon [_thread_blocked, id=87924, stack(0x0000007d6aa00000,0x0000007d6ab00000)]
  0x0000026ac05c0000 JavaThread "Finalizer" daemon [_thread_blocked, id=35472, stack(0x0000007d6ab00000,0x0000007d6ac00000)]
  0x0000026ac062d000 JavaThread "Signal Dispatcher" daemon [_thread_blocked, id=76280, stack(0x0000007d6ac00000,0x0000007d6ad00000)]
  0x0000026ac062f000 JavaThread "Attach Listener" daemon [_thread_blocked, id=87364, stack(0x0000007d6ad00000,0x0000007d6ae00000)]
  0x0000026ac0630800 JavaThread "Service Thread" daemon [_thread_blocked, id=86360, stack(0x0000007d6ae00000,0x0000007d6af00000)]
  0x0000026ac0634000 JavaThread "C2 CompilerThread0" daemon [_thread_in_native, id=68952, stack(0x0000007d6af00000,0x0000007d6b000000)]
  0x0000026ac0639800 JavaThread "C1 CompilerThread0" daemon [_thread_blocked, id=87952, stack(0x0000007d6b000000,0x0000007d6b100000)]
  0x0000026ac063b000 JavaThread "Sweeper thread" daemon [_thread_blocked, id=85208, stack(0x0000007d6b100000,0x0000007d6b200000)]
  0x0000026ac07b2800 JavaThread "Common-Cleaner" daemon [_thread_blocked, id=86040, stack(0x0000007d6b200000,0x0000007d6b300000)]
  0x0000026ac18e0000 JavaThread "Daemon health stats" [_thread_blocked, id=87568, stack(0x0000007d6b400000,0x0000007d6b500000)]
  0x0000026ac140d000 JavaThread "Incoming local TCP Connector on port 50217" [_thread_in_native, id=89956, stack(0x0000007d6ba00000,0x0000007d6bb00000)]
  0x0000026ac2150800 JavaThread "Daemon periodic checks" [_thread_blocked, id=82600, stack(0x0000007d6bb00000,0x0000007d6bc00000)]
  0x0000026ac14c7000 JavaThread "Daemon" [_thread_blocked, id=75032, stack(0x0000007d6bc00000,0x0000007d6bd00000)]
  0x0000026ac3760800 JavaThread "Handler for socket connection from /127.0.0.1:50217 to /127.0.0.1:50218" [_thread_in_native, id=88888, stack(0x0000007d6bd00000,0x0000007d6be00000)]
  0x0000026ac2060000 JavaThread "Cancel handler" [_thread_blocked, id=87672, stack(0x0000007d6be00000,0x0000007d6bf00000)]
  0x0000026ac28a9000 JavaThread "Daemon worker" [_thread_in_vm, id=88284, stack(0x0000007d6bf00000,0x0000007d6c000000)]
  0x0000026ac2755000 JavaThread "Asynchronous log dispatcher for DefaultDaemonConnection: socket connection from /127.0.0.1:50217 to /127.0.0.1:50218" [_thread_blocked, id=80724, stack(0x0000007d6c000000,0x0000007d6c100000)]
  0x0000026ac1f8e800 JavaThread "Stdin handler" [_thread_blocked, id=87124, stack(0x0000007d6c100000,0x0000007d6c200000)]
  0x0000026ac27f9000 JavaThread "Daemon client event forwarder" [_thread_blocked, id=86472, stack(0x0000007d6c200000,0x0000007d6c300000)]
  0x0000026ac27f6800 JavaThread "Cache worker for journal cache (C:\Users\Cruise\.gradle\caches\journal-1)" [_thread_blocked, id=86204, stack(0x0000007d6c400000,0x0000007d6c500000)]
  0x0000026ac27f7000 JavaThread "File lock request listener" [_thread_in_native, id=87788, stack(0x0000007d6c500000,0x0000007d6c600000)]
  0x0000026ac27f8000 JavaThread "Cache worker for file hash cache (C:\Users\Cruise\.gradle\caches\7.4\fileHashes)" [_thread_blocked, id=81672, stack(0x0000007d6c600000,0x0000007d6c700000)]
  0x0000026ac27f9800 JavaThread "File watcher server" daemon [_thread_in_native, id=78572, stack(0x0000007d6cc00000,0x0000007d6cd00000)]
  0x0000026ac27f4800 JavaThread "File watcher consumer" daemon [_thread_blocked, id=88408, stack(0x0000007d6cd00000,0x0000007d6ce00000)]
  0x0000026ac27f4000 JavaThread "Cache worker for checksums cache (D:\androidproject\AndroidLab3\.gradle\7.4\checksums)" [_thread_blocked, id=65968, stack(0x0000007d6ce00000,0x0000007d6cf00000)]
  0x0000026ac27fa800 JavaThread "Cache worker for cache directory md-rule (C:\Users\Cruise\.gradle\caches\7.4\md-rule)" [_thread_blocked, id=88912, stack(0x0000007d6cf00000,0x0000007d6d000000)]
  0x0000026ac27f5800 JavaThread "Cache worker for file hash cache (D:\androidproject\AndroidLab3\.gradle\7.4\fileHashes)" [_thread_blocked, id=84112, stack(0x0000007d6d000000,0x0000007d6d100000)]
  0x0000026ac3c1f000 JavaThread "Cache worker for cache directory md-supplier (C:\Users\Cruise\.gradle\caches\7.4\md-supplier)" [_thread_blocked, id=84044, stack(0x0000007d6d100000,0x0000007d6d200000)]
=>0x0000026ac3ab1000 JavaThread "C2 CompilerThread1" daemon [_thread_in_native, id=32880, stack(0x0000007d6d200000,0x0000007d6d300000)]
  0x0000026ac3c1b800 JavaThread "Cache worker for execution history cache (C:\Users\Cruise\.gradle\caches\7.4\executionHistory)" [_thread_blocked, id=82272, stack(0x0000007d6d300000,0x0000007d6d400000)]
  0x0000026ac3c20800 JavaThread "jar transforms" [_thread_blocked, id=89252, stack(0x0000007d6d400000,0x0000007d6d500000)]
  0x0000026ac3c21800 JavaThread "Cache worker for file content cache (C:\Users\Cruise\.gradle\caches\7.4\fileContent)" [_thread_blocked, id=84468, stack(0x0000007d6d500000,0x0000007d6d600000)]
  0x0000026ac3c1d800 JavaThread "jar transforms Thread 2" [_thread_blocked, id=77584, stack(0x0000007d6d600000,0x0000007d6d700000)]
  0x0000026ac3c1e000 JavaThread "Cache worker for dependencies-accessors (D:\androidproject\AndroidLab3\.gradle\7.4\dependencies-accessors)" [_thread_blocked, id=62576, stack(0x0000007d6d700000,0x0000007d6d800000)]
  0x0000026ac5f87800 JavaThread "jar transforms Thread 3" [_thread_blocked, id=88252, stack(0x0000007d6d800000,0x0000007d6d900000)]

Other Threads:
  0x0000026ac05b3000 VMThread "VM Thread" [stack: 0x0000007d6a900000,0x0000007d6aa00000] [id=89132]
  0x0000026ac07e1000 WatcherThread [stack: 0x0000007d6b300000,0x0000007d6b400000] [id=83036]
  0x0000026aa18c8800 GCTaskThread "GC Thread#0" [stack: 0x0000007d6a400000,0x0000007d6a500000] [id=87112]
  0x0000026ac130e800 GCTaskThread "GC Thread#1" [stack: 0x0000007d6b500000,0x0000007d6b600000] [id=89656]
  0x0000026ac1607000 GCTaskThread "GC Thread#2" [stack: 0x0000007d6b600000,0x0000007d6b700000] [id=90044]
  0x0000026ac11c8800 GCTaskThread "GC Thread#3" [stack: 0x0000007d6b700000,0x0000007d6b800000] [id=86784]
  0x0000026ac11c9000 GCTaskThread "GC Thread#4" [stack: 0x0000007d6b800000,0x0000007d6b900000] [id=88620]
  0x0000026ac1a7c800 GCTaskThread "GC Thread#5" [stack: 0x0000007d6b900000,0x0000007d6ba00000] [id=89560]
  0x0000026ac0a6e800 GCTaskThread "GC Thread#6" [stack: 0x0000007d6c300000,0x0000007d6c400000] [id=78928]
  0x0000026ac1f8c800 GCTaskThread "GC Thread#7" [stack: 0x0000007d6c700000,0x0000007d6c800000] [id=88708]
  0x0000026ac1f8d000 GCTaskThread "GC Thread#8" [stack: 0x0000007d6c800000,0x0000007d6c900000] [id=87368]
  0x0000026ac174d000 GCTaskThread "GC Thread#9" [stack: 0x0000007d6c900000,0x0000007d6ca00000] [id=62784]
  0x0000026aa18f9800 ConcurrentGCThread "G1 Main Marker" [stack: 0x0000007d6a500000,0x0000007d6a600000] [id=86572]
  0x0000026aa18fb000 ConcurrentGCThread "G1 Conc#0" [stack: 0x0000007d6a600000,0x0000007d6a700000] [id=84140]
  0x0000026ac1662000 ConcurrentGCThread "G1 Conc#1" [stack: 0x0000007d6ca00000,0x0000007d6cb00000] [id=85928]
  0x0000026ac1a46800 ConcurrentGCThread "G1 Conc#2" [stack: 0x0000007d6cb00000,0x0000007d6cc00000] [id=88572]
  0x0000026abfc05800 ConcurrentGCThread "G1 Refine#0" [stack: 0x0000007d6a700000,0x0000007d6a800000] [id=75764]
  0x0000026abfc06000 ConcurrentGCThread "G1 Young RemSet Sampling" [stack: 0x0000007d6a800000,0x0000007d6a900000] [id=88520]

Threads with active compile tasks:
C2 CompilerThread0    11475 3585       4       java.net.URLClassLoader$1::run (5 bytes)
C2 CompilerThread1    11475 3586   !   4       java.net.URLClassLoader$1::run (81 bytes)

VM state:not at safepoint (normal execution)

VM Mutex/Monitor currently owned by a thread: None

Heap address: 0x0000000080000000, size: 2048 MB, Compressed Oops mode: 32-bit
Narrow klass base: 0x0000000000000000, Narrow klass shift: 3
Compressed class space size: 1073741824 Address: 0x0000000100000000

Heap:
 garbage-first heap   total 260096K, used 135476K [0x0000000080000000, 0x0000000100000000)
  region size 1024K, 114 young (116736K), 6 survivors (6144K)
 Metaspace       used 44091K, capacity 45139K, committed 45340K, reserved 1089536K
  class space    used 5661K, capacity 6063K, committed 6172K, reserved 1048576K
Heap Regions: E=young(eden), S=young(survivor), O=old, HS=humongous(starts), HC=humongous(continues), CS=collection set, F=free, A=archive, TAMS=top-at-mark-start (previous, next)
|   0|0x0000000080000000, 0x0000000080100000, 0x0000000080100000|100%| O|  |TAMS 0x0000000080100000, 0x0000000080000000| Untracked 
|   1|0x0000000080100000, 0x0000000080200000, 0x0000000080200000|100%| O|  |TAMS 0x0000000080200000, 0x0000000080100000| Untracked 
|   2|0x0000000080200000, 0x0000000080300000, 0x0000000080300000|100%| O|  |TAMS 0x0000000080300000, 0x0000000080200000| Untracked 
|   3|0x0000000080300000, 0x0000000080400000, 0x0000000080400000|100%|HS|  |TAMS 0x0000000080400000, 0x0000000080300000| Complete 
|   4|0x0000000080400000, 0x0000000080500000, 0x0000000080500000|100%|HC|  |TAMS 0x0000000080500000, 0x0000000080400000| Complete 
|   5|0x0000000080500000, 0x0000000080600000, 0x0000000080600000|100%|HC|  |TAMS 0x0000000080600000, 0x0000000080500000| Complete 
|   6|0x0000000080600000, 0x0000000080700000, 0x0000000080700000|100%| O|  |TAMS 0x0000000080700000, 0x0000000080600000| Untracked 
|   7|0x0000000080700000, 0x0000000080800000, 0x0000000080800000|100%| O|  |TAMS 0x0000000080800000, 0x0000000080700000| Untracked 
|   8|0x0000000080800000, 0x0000000080900000, 0x0000000080900000|100%| O|  |TAMS 0x0000000080900000, 0x0000000080800000| Untracked 
|   9|0x0000000080900000, 0x0000000080a00000, 0x0000000080a00000|100%| O|  |TAMS 0x0000000080a00000, 0x0000000080900000| Untracked 
|  10|0x0000000080a00000, 0x0000000080b00000, 0x0000000080b00000|100%| O|  |TAMS 0x0000000080b00000, 0x0000000080a00000| Untracked 
|  11|0x0000000080b00000, 0x0000000080c00000, 0x0000000080c00000|100%| O|  |TAMS 0x0000000080c00000, 0x0000000080b00000| Untracked 
|  12|0x0000000080c00000, 0x0000000080d00000, 0x0000000080d00000|100%| O|  |TAMS 0x0000000080d00000, 0x0000000080c00000| Untracked 
|  13|0x0000000080d00000, 0x0000000080e00000, 0x0000000080e00000|100%| O|  |TAMS 0x0000000080e00000, 0x0000000080d00000| Untracked 
|  14|0x0000000080e00000, 0x0000000080f00000, 0x0000000080f00000|100%| O|  |TAMS 0x0000000080f00000, 0x0000000080e00000| Untracked 
|  15|0x0000000080f00000, 0x0000000081000000, 0x0000000081000000|100%| O|  |TAMS 0x0000000081000000, 0x0000000080f00000| Untracked 
|  16|0x0000000081000000, 0x0000000081057000, 0x0000000081100000| 33%| O|  |TAMS 0x0000000081057000, 0x0000000081000000| Untracked 
|  17|0x0000000081100000, 0x0000000081200000, 0x0000000081200000|100%|HS|  |TAMS 0x0000000081100000, 0x0000000081100000| Complete 
|  18|0x0000000081200000, 0x0000000081300000, 0x0000000081300000|100%|HS|  |TAMS 0x0000000081200000, 0x0000000081200000| Complete 
|  19|0x0000000081300000, 0x0000000081400000, 0x0000000081400000|100%|HC|  |TAMS 0x0000000081300000, 0x0000000081300000| Complete 
|  20|0x0000000081400000, 0x0000000081500000, 0x0000000081500000|100%|HS|  |TAMS 0x0000000081400000, 0x0000000081400000| Complete 
|  21|0x0000000081500000, 0x0000000081500000, 0x0000000081600000|  0%| F|  |TAMS 0x0000000081500000, 0x0000000081500000| Untracked 
|  22|0x0000000081600000, 0x0000000081600000, 0x0000000081700000|  0%| F|  |TAMS 0x0000000081600000, 0x0000000081600000| Untracked 
|  23|0x0000000081700000, 0x0000000081700000, 0x0000000081800000|  0%| F|  |TAMS 0x0000000081700000, 0x0000000081700000| Untracked 
|  24|0x0000000081800000, 0x0000000081800000, 0x0000000081900000|  0%| F|  |TAMS 0x0000000081800000, 0x0000000081800000| Untracked 
|  25|0x0000000081900000, 0x0000000081900000, 0x0000000081a00000|  0%| F|  |TAMS 0x0000000081900000, 0x0000000081900000| Untracked 
|  26|0x0000000081a00000, 0x0000000081a00000, 0x0000000081b00000|  0%| F|  |TAMS 0x0000000081a00000, 0x0000000081a00000| Untracked 
|  27|0x0000000081b00000, 0x0000000081b00000, 0x0000000081c00000|  0%| F|  |TAMS 0x0000000081b00000, 0x0000000081b00000| Untracked 
|  28|0x0000000081c00000, 0x0000000081c00000, 0x0000000081d00000|  0%| F|  |TAMS 0x0000000081c00000, 0x0000000081c00000| Untracked 
|  29|0x0000000081d00000, 0x0000000081d00000, 0x0000000081e00000|  0%| F|  |TAMS 0x0000000081d00000, 0x0000000081d00000| Untracked 
|  30|0x0000000081e00000, 0x0000000081e00000, 0x0000000081f00000|  0%| F|  |TAMS 0x0000000081e00000, 0x0000000081e00000| Untracked 
|  31|0x0000000081f00000, 0x0000000081f00000, 0x0000000082000000|  0%| F|  |TAMS 0x0000000081f00000, 0x0000000081f00000| Untracked 
|  32|0x0000000082000000, 0x0000000082000000, 0x0000000082100000|  0%| F|  |TAMS 0x0000000082000000, 0x0000000082000000| Untracked 
|  33|0x0000000082100000, 0x0000000082100000, 0x0000000082200000|  0%| F|  |TAMS 0x0000000082100000, 0x0000000082100000| Untracked 
|  34|0x0000000082200000, 0x0000000082200000, 0x0000000082300000|  0%| F|  |TAMS 0x0000000082200000, 0x0000000082200000| Untracked 
|  35|0x0000000082300000, 0x0000000082300000, 0x0000000082400000|  0%| F|  |TAMS 0x0000000082300000, 0x0000000082300000| Untracked 
|  36|0x0000000082400000, 0x0000000082400000, 0x0000000082500000|  0%| F|  |TAMS 0x0000000082400000, 0x0000000082400000| Untracked 
|  37|0x0000000082500000, 0x0000000082500000, 0x0000000082600000|  0%| F|  |TAMS 0x0000000082500000, 0x0000000082500000| Untracked 
|  38|0x0000000082600000, 0x0000000082600000, 0x0000000082700000|  0%| F|  |TAMS 0x0000000082600000, 0x0000000082600000| Untracked 
|  39|0x0000000082700000, 0x0000000082700000, 0x0000000082800000|  0%| F|  |TAMS 0x0000000082700000, 0x0000000082700000| Untracked 
|  40|0x0000000082800000, 0x0000000082800000, 0x0000000082900000|  0%| F|  |TAMS 0x0000000082800000, 0x0000000082800000| Untracked 
|  41|0x0000000082900000, 0x0000000082900000, 0x0000000082a00000|  0%| F|  |TAMS 0x0000000082900000, 0x0000000082900000| Untracked 
|  42|0x0000000082a00000, 0x0000000082a00000, 0x0000000082b00000|  0%| F|  |TAMS 0x0000000082a00000, 0x0000000082a00000| Untracked 
|  43|0x0000000082b00000, 0x0000000082b00000, 0x0000000082c00000|  0%| F|  |TAMS 0x0000000082b00000, 0x0000000082b00000| Untracked 
|  44|0x0000000082c00000, 0x0000000082c00000, 0x0000000082d00000|  0%| F|  |TAMS 0x0000000082c00000, 0x0000000082c00000| Untracked 
|  45|0x0000000082d00000, 0x0000000082d00000, 0x0000000082e00000|  0%| F|  |TAMS 0x0000000082d00000, 0x0000000082d00000| Untracked 
|  46|0x0000000082e00000, 0x0000000082e00000, 0x0000000082f00000|  0%| F|  |TAMS 0x0000000082e00000, 0x0000000082e00000| Untracked 
|  47|0x0000000082f00000, 0x0000000082f00000, 0x0000000083000000|  0%| F|  |TAMS 0x0000000082f00000, 0x0000000082f00000| Untracked 
|  48|0x0000000083000000, 0x0000000083000000, 0x0000000083100000|  0%| F|  |TAMS 0x0000000083000000, 0x0000000083000000| Untracked 
|  49|0x0000000083100000, 0x0000000083100000, 0x0000000083200000|  0%| F|  |TAMS 0x0000000083100000, 0x0000000083100000| Untracked 
|  50|0x0000000083200000, 0x0000000083200000, 0x0000000083300000|  0%| F|  |TAMS 0x0000000083200000, 0x0000000083200000| Untracked 
|  51|0x0000000083300000, 0x0000000083300000, 0x0000000083400000|  0%| F|  |TAMS 0x0000000083300000, 0x0000000083300000| Untracked 
|  52|0x0000000083400000, 0x0000000083400000, 0x0000000083500000|  0%| F|  |TAMS 0x0000000083400000, 0x0000000083400000| Untracked 
|  53|0x0000000083500000, 0x0000000083500000, 0x0000000083600000|  0%| F|  |TAMS 0x0000000083500000, 0x0000000083500000| Untracked 
|  54|0x0000000083600000, 0x0000000083600000, 0x0000000083700000|  0%| F|  |TAMS 0x0000000083600000, 0x0000000083600000| Untracked 
|  55|0x0000000083700000, 0x0000000083700000, 0x0000000083800000|  0%| F|  |TAMS 0x0000000083700000, 0x0000000083700000| Untracked 
|  56|0x0000000083800000, 0x0000000083800000, 0x0000000083900000|  0%| F|  |TAMS 0x0000000083800000, 0x0000000083800000| Untracked 
|  57|0x0000000083900000, 0x0000000083900000, 0x0000000083a00000|  0%| F|  |TAMS 0x0000000083900000, 0x0000000083900000| Untracked 
|  58|0x0000000083a00000, 0x0000000083a00000, 0x0000000083b00000|  0%| F|  |TAMS 0x0000000083a00000, 0x0000000083a00000| Untracked 
|  59|0x0000000083b00000, 0x0000000083b00000, 0x0000000083c00000|  0%| F|  |TAMS 0x0000000083b00000, 0x0000000083b00000| Untracked 
|  60|0x0000000083c00000, 0x0000000083c00000, 0x0000000083d00000|  0%| F|  |TAMS 0x0000000083c00000, 0x0000000083c00000| Untracked 
|  61|0x0000000083d00000, 0x0000000083d00000, 0x0000000083e00000|  0%| F|  |TAMS 0x0000000083d00000, 0x0000000083d00000| Untracked 
|  62|0x0000000083e00000, 0x0000000083e00000, 0x0000000083f00000|  0%| F|  |TAMS 0x0000000083e00000, 0x0000000083e00000| Untracked 
|  63|0x0000000083f00000, 0x0000000083f00000, 0x0000000084000000|  0%| F|  |TAMS 0x0000000083f00000, 0x0000000083f00000| Untracked 
|  64|0x0000000084000000, 0x0000000084000000, 0x0000000084100000|  0%| F|  |TAMS 0x0000000084000000, 0x0000000084000000| Untracked 
|  65|0x0000000084100000, 0x0000000084100000, 0x0000000084200000|  0%| F|  |TAMS 0x0000000084100000, 0x0000000084100000| Untracked 
|  66|0x0000000084200000, 0x0000000084200000, 0x0000000084300000|  0%| F|  |TAMS 0x0000000084200000, 0x0000000084200000| Untracked 
|  67|0x0000000084300000, 0x0000000084300000, 0x0000000084400000|  0%| F|  |TAMS 0x0000000084300000, 0x0000000084300000| Untracked 
|  68|0x0000000084400000, 0x0000000084400000, 0x0000000084500000|  0%| F|  |TAMS 0x0000000084400000, 0x0000000084400000| Untracked 
|  69|0x0000000084500000, 0x0000000084500000, 0x0000000084600000|  0%| F|  |TAMS 0x0000000084500000, 0x0000000084500000| Untracked 
|  70|0x0000000084600000, 0x0000000084600000, 0x0000000084700000|  0%| F|  |TAMS 0x0000000084600000, 0x0000000084600000| Untracked 
|  71|0x0000000084700000, 0x0000000084700000, 0x0000000084800000|  0%| F|  |TAMS 0x0000000084700000, 0x0000000084700000| Untracked 
|  72|0x0000000084800000, 0x0000000084800000, 0x0000000084900000|  0%| F|  |TAMS 0x0000000084800000, 0x0000000084800000| Untracked 
|  73|0x0000000084900000, 0x0000000084900000, 0x0000000084a00000|  0%| F|  |TAMS 0x0000000084900000, 0x0000000084900000| Untracked 
|  74|0x0000000084a00000, 0x0000000084a00000, 0x0000000084b00000|  0%| F|  |TAMS 0x0000000084a00000, 0x0000000084a00000| Untracked 
|  75|0x0000000084b00000, 0x0000000084b00000, 0x0000000084c00000|  0%| F|  |TAMS 0x0000000084b00000, 0x0000000084b00000| Untracked 
|  76|0x0000000084c00000, 0x0000000084c00000, 0x0000000084d00000|  0%| F|  |TAMS 0x0000000084c00000, 0x0000000084c00000| Untracked 
|  77|0x0000000084d00000, 0x0000000084d00000, 0x0000000084e00000|  0%| F|  |TAMS 0x0000000084d00000, 0x0000000084d00000| Untracked 
|  78|0x0000000084e00000, 0x0000000084e00000, 0x0000000084f00000|  0%| F|  |TAMS 0x0000000084e00000, 0x0000000084e00000| Untracked 
|  79|0x0000000084f00000, 0x0000000084f00000, 0x0000000085000000|  0%| F|  |TAMS 0x0000000084f00000, 0x0000000084f00000| Untracked 
|  80|0x0000000085000000, 0x0000000085000000, 0x0000000085100000|  0%| F|  |TAMS 0x0000000085000000, 0x0000000085000000| Untracked 
|  81|0x0000000085100000, 0x0000000085100000, 0x0000000085200000|  0%| F|  |TAMS 0x0000000085100000, 0x0000000085100000| Untracked 
|  82|0x0000000085200000, 0x0000000085200000, 0x0000000085300000|  0%| F|  |TAMS 0x0000000085200000, 0x0000000085200000| Untracked 
|  83|0x0000000085300000, 0x0000000085300000, 0x0000000085400000|  0%| F|  |TAMS 0x0000000085300000, 0x0000000085300000| Untracked 
|  84|0x0000000085400000, 0x0000000085400000, 0x0000000085500000|  0%| F|  |TAMS 0x0000000085400000, 0x0000000085400000| Untracked 
|  85|0x0000000085500000, 0x0000000085500000, 0x0000000085600000|  0%| F|  |TAMS 0x0000000085500000, 0x0000000085500000| Untracked 
|  86|0x0000000085600000, 0x0000000085600000, 0x0000000085700000|  0%| F|  |TAMS 0x0000000085600000, 0x0000000085600000| Untracked 
|  87|0x0000000085700000, 0x0000000085700000, 0x0000000085800000|  0%| F|  |TAMS 0x0000000085700000, 0x0000000085700000| Untracked 
|  88|0x0000000085800000, 0x0000000085800000, 0x0000000085900000|  0%| F|  |TAMS 0x0000000085800000, 0x0000000085800000| Untracked 
|  89|0x0000000085900000, 0x0000000085900000, 0x0000000085a00000|  0%| F|  |TAMS 0x0000000085900000, 0x0000000085900000| Untracked 
|  90|0x0000000085a00000, 0x0000000085a00000, 0x0000000085b00000|  0%| F|  |TAMS 0x0000000085a00000, 0x0000000085a00000| Untracked 
|  91|0x0000000085b00000, 0x0000000085b00000, 0x0000000085c00000|  0%| F|  |TAMS 0x0000000085b00000, 0x0000000085b00000| Untracked 
|  92|0x0000000085c00000, 0x0000000085c00000, 0x0000000085d00000|  0%| F|  |TAMS 0x0000000085c00000, 0x0000000085c00000| Untracked 
|  93|0x0000000085d00000, 0x0000000085d00000, 0x0000000085e00000|  0%| F|  |TAMS 0x0000000085d00000, 0x0000000085d00000| Untracked 
|  94|0x0000000085e00000, 0x0000000085e00000, 0x0000000085f00000|  0%| F|  |TAMS 0x0000000085e00000, 0x0000000085e00000| Untracked 
|  95|0x0000000085f00000, 0x0000000085f00000, 0x0000000086000000|  0%| F|  |TAMS 0x0000000085f00000, 0x0000000085f00000| Untracked 
|  96|0x0000000086000000, 0x0000000086000000, 0x0000000086100000|  0%| F|  |TAMS 0x0000000086000000, 0x0000000086000000| Untracked 
|  97|0x0000000086100000, 0x0000000086100000, 0x0000000086200000|  0%| F|  |TAMS 0x0000000086100000, 0x0000000086100000| Untracked 
|  98|0x0000000086200000, 0x0000000086200000, 0x0000000086300000|  0%| F|  |TAMS 0x0000000086200000, 0x0000000086200000| Untracked 
|  99|0x0000000086300000, 0x0000000086300000, 0x0000000086400000|  0%| F|  |TAMS 0x0000000086300000, 0x0000000086300000| Untracked 
| 100|0x0000000086400000, 0x0000000086400000, 0x0000000086500000|  0%| F|  |TAMS 0x0000000086400000, 0x0000000086400000| Untracked 
| 101|0x0000000086500000, 0x0000000086500000, 0x0000000086600000|  0%| F|  |TAMS 0x0000000086500000, 0x0000000086500000| Untracked 
| 102|0x0000000086600000, 0x0000000086600000, 0x0000000086700000|  0%| F|  |TAMS 0x0000000086600000, 0x0000000086600000| Untracked 
| 103|0x0000000086700000, 0x0000000086700000, 0x0000000086800000|  0%| F|  |TAMS 0x0000000086700000, 0x0000000086700000| Untracked 
| 104|0x0000000086800000, 0x0000000086800000, 0x0000000086900000|  0%| F|  |TAMS 0x0000000086800000, 0x0000000086800000| Untracked 
| 105|0x0000000086900000, 0x0000000086900000, 0x0000000086a00000|  0%| F|  |TAMS 0x0000000086900000, 0x0000000086900000| Untracked 
| 106|0x0000000086a00000, 0x0000000086a00000, 0x0000000086b00000|  0%| F|  |TAMS 0x0000000086a00000, 0x0000000086a00000| Untracked 
| 107|0x0000000086b00000, 0x0000000086b00000, 0x0000000086c00000|  0%| F|  |TAMS 0x0000000086b00000, 0x0000000086b00000| Untracked 
| 108|0x0000000086c00000, 0x0000000086c00000, 0x0000000086d00000|  0%| F|  |TAMS 0x0000000086c00000, 0x0000000086c00000| Untracked 
| 109|0x0000000086d00000, 0x0000000086d00000, 0x0000000086e00000|  0%| F|  |TAMS 0x0000000086d00000, 0x0000000086d00000| Untracked 
| 110|0x0000000086e00000, 0x0000000086e00000, 0x0000000086f00000|  0%| F|  |TAMS 0x0000000086e00000, 0x0000000086e00000| Untracked 
| 111|0x0000000086f00000, 0x0000000086f00000, 0x0000000087000000|  0%| F|  |TAMS 0x0000000086f00000, 0x0000000086f00000| Untracked 
| 112|0x0000000087000000, 0x0000000087000000, 0x0000000087100000|  0%| F|  |TAMS 0x0000000087000000, 0x0000000087000000| Untracked 
| 113|0x0000000087100000, 0x0000000087100000, 0x0000000087200000|  0%| F|  |TAMS 0x0000000087100000, 0x0000000087100000| Untracked 
| 114|0x0000000087200000, 0x0000000087200000, 0x0000000087300000|  0%| F|  |TAMS 0x0000000087200000, 0x0000000087200000| Untracked 
| 115|0x0000000087300000, 0x0000000087300000, 0x0000000087400000|  0%| F|  |TAMS 0x0000000087300000, 0x0000000087300000| Untracked 
| 116|0x0000000087400000, 0x0000000087400000, 0x0000000087500000|  0%| F|  |TAMS 0x0000000087400000, 0x0000000087400000| Untracked 
| 117|0x0000000087500000, 0x0000000087500000, 0x0000000087600000|  0%| F|  |TAMS 0x0000000087500000, 0x0000000087500000| Untracked 
| 118|0x0000000087600000, 0x0000000087600000, 0x0000000087700000|  0%| F|  |TAMS 0x0000000087600000, 0x0000000087600000| Untracked 
| 119|0x0000000087700000, 0x0000000087700000, 0x0000000087800000|  0%| F|  |TAMS 0x0000000087700000, 0x0000000087700000| Untracked 
| 120|0x0000000087800000, 0x0000000087800000, 0x0000000087900000|  0%| F|  |TAMS 0x0000000087800000, 0x0000000087800000| Untracked 
| 121|0x0000000087900000, 0x0000000087900000, 0x0000000087a00000|  0%| F|  |TAMS 0x0000000087900000, 0x0000000087900000| Untracked 
| 122|0x0000000087a00000, 0x0000000087a00000, 0x0000000087b00000|  0%| F|  |TAMS 0x0000000087a00000, 0x0000000087a00000| Untracked 
| 123|0x0000000087b00000, 0x0000000087b00000, 0x0000000087c00000|  0%| F|  |TAMS 0x0000000087b00000, 0x0000000087b00000| Untracked 
| 124|0x0000000087c00000, 0x0000000087c00000, 0x0000000087d00000|  0%| F|  |TAMS 0x0000000087c00000, 0x0000000087c00000| Untracked 
| 125|0x0000000087d00000, 0x0000000087d00000, 0x0000000087e00000|  0%| F|  |TAMS 0x0000000087d00000, 0x0000000087d00000| Untracked 
| 126|0x0000000087e00000, 0x0000000087e00000, 0x0000000087f00000|  0%| F|  |TAMS 0x0000000087e00000, 0x0000000087e00000| Untracked 
| 127|0x0000000087f00000, 0x0000000087f00000, 0x0000000088000000|  0%| F|  |TAMS 0x0000000087f00000, 0x0000000087f00000| Untracked 
| 128|0x0000000088000000, 0x0000000088000000, 0x0000000088100000|  0%| F|  |TAMS 0x0000000088000000, 0x0000000088000000| Untracked 
| 129|0x0000000088100000, 0x0000000088100000, 0x0000000088200000|  0%| F|  |TAMS 0x0000000088100000, 0x0000000088100000| Untracked 
| 130|0x0000000088200000, 0x0000000088200000, 0x0000000088300000|  0%| F|  |TAMS 0x0000000088200000, 0x0000000088200000| Untracked 
| 131|0x0000000088300000, 0x0000000088300000, 0x0000000088400000|  0%| F|  |TAMS 0x0000000088300000, 0x0000000088300000| Untracked 
| 132|0x0000000088400000, 0x0000000088400000, 0x0000000088500000|  0%| F|  |TAMS 0x0000000088400000, 0x0000000088400000| Untracked 
| 133|0x0000000088500000, 0x0000000088500000, 0x0000000088600000|  0%| F|  |TAMS 0x0000000088500000, 0x0000000088500000| Untracked 
| 134|0x0000000088600000, 0x0000000088600000, 0x0000000088700000|  0%| F|  |TAMS 0x0000000088600000, 0x0000000088600000| Untracked 
| 135|0x0000000088700000, 0x0000000088700000, 0x0000000088800000|  0%| F|  |TAMS 0x0000000088700000, 0x0000000088700000| Untracked 
| 136|0x0000000088800000, 0x0000000088800000, 0x0000000088900000|  0%| F|  |TAMS 0x0000000088800000, 0x0000000088800000| Untracked 
| 137|0x0000000088900000, 0x0000000088900000, 0x0000000088a00000|  0%| F|  |TAMS 0x0000000088900000, 0x0000000088900000| Untracked 
| 138|0x0000000088a00000, 0x0000000088a00000, 0x0000000088b00000|  0%| F|  |TAMS 0x0000000088a00000, 0x0000000088a00000| Untracked 
| 139|0x0000000088b00000, 0x0000000088b00000, 0x0000000088c00000|  0%| F|  |TAMS 0x0000000088b00000, 0x0000000088b00000| Untracked 
| 140|0x0000000088c00000, 0x0000000088d00000, 0x0000000088d00000|100%| E|  |TAMS 0x0000000088c00000, 0x0000000088c00000| Complete 
| 141|0x0000000088d00000, 0x0000000088e00000, 0x0000000088e00000|100%| E|CS|TAMS 0x0000000088d00000, 0x0000000088d00000| Complete 
| 142|0x0000000088e00000, 0x0000000088f00000, 0x0000000088f00000|100%| E|CS|TAMS 0x0000000088e00000, 0x0000000088e00000| Complete 
| 143|0x0000000088f00000, 0x0000000089000000, 0x0000000089000000|100%| E|CS|TAMS 0x0000000088f00000, 0x0000000088f00000| Complete 
| 144|0x0000000089000000, 0x0000000089100000, 0x0000000089100000|100%| E|CS|TAMS 0x0000000089000000, 0x0000000089000000| Complete 
| 145|0x0000000089100000, 0x0000000089200000, 0x0000000089200000|100%| E|CS|TAMS 0x0000000089100000, 0x0000000089100000| Complete 
| 146|0x0000000089200000, 0x0000000089300000, 0x0000000089300000|100%| E|CS|TAMS 0x0000000089200000, 0x0000000089200000| Complete 
| 147|0x0000000089300000, 0x0000000089400000, 0x0000000089400000|100%| E|CS|TAMS 0x0000000089300000, 0x0000000089300000| Complete 
| 148|0x0000000089400000, 0x0000000089500000, 0x0000000089500000|100%| E|CS|TAMS 0x0000000089400000, 0x0000000089400000| Complete 
| 149|0x0000000089500000, 0x0000000089600000, 0x0000000089600000|100%| E|CS|TAMS 0x0000000089500000, 0x0000000089500000| Complete 
| 150|0x0000000089600000, 0x0000000089700000, 0x0000000089700000|100%| E|CS|TAMS 0x0000000089600000, 0x0000000089600000| Complete 
| 151|0x0000000089700000, 0x0000000089800000, 0x0000000089800000|100%| E|CS|TAMS 0x0000000089700000, 0x0000000089700000| Complete 
| 152|0x0000000089800000, 0x0000000089900000, 0x0000000089900000|100%| E|CS|TAMS 0x0000000089800000, 0x0000000089800000| Complete 
| 153|0x0000000089900000, 0x0000000089a00000, 0x0000000089a00000|100%| E|CS|TAMS 0x0000000089900000, 0x0000000089900000| Complete 
| 154|0x0000000089a00000, 0x0000000089b00000, 0x0000000089b00000|100%| E|CS|TAMS 0x0000000089a00000, 0x0000000089a00000| Complete 
| 155|0x0000000089b00000, 0x0000000089c00000, 0x0000000089c00000|100%| E|CS|TAMS 0x0000000089b00000, 0x0000000089b00000| Complete 
| 156|0x0000000089c00000, 0x0000000089d00000, 0x0000000089d00000|100%| E|CS|TAMS 0x0000000089c00000, 0x0000000089c00000| Complete 
| 157|0x0000000089d00000, 0x0000000089e00000, 0x0000000089e00000|100%| E|CS|TAMS 0x0000000089d00000, 0x0000000089d00000| Complete 
| 158|0x0000000089e00000, 0x0000000089f00000, 0x0000000089f00000|100%| E|CS|TAMS 0x0000000089e00000, 0x0000000089e00000| Complete 
| 159|0x0000000089f00000, 0x000000008a000000, 0x000000008a000000|100%| E|CS|TAMS 0x0000000089f00000, 0x0000000089f00000| Complete 
| 160|0x000000008a000000, 0x000000008a100000, 0x000000008a100000|100%| E|CS|TAMS 0x000000008a000000, 0x000000008a000000| Complete 
| 161|0x000000008a100000, 0x000000008a200000, 0x000000008a200000|100%| E|CS|TAMS 0x000000008a100000, 0x000000008a100000| Complete 
| 162|0x000000008a200000, 0x000000008a300000, 0x000000008a300000|100%| E|CS|TAMS 0x000000008a200000, 0x000000008a200000| Complete 
| 163|0x000000008a300000, 0x000000008a400000, 0x000000008a400000|100%| E|CS|TAMS 0x000000008a300000, 0x000000008a300000| Complete 
| 164|0x000000008a400000, 0x000000008a500000, 0x000000008a500000|100%| E|CS|TAMS 0x000000008a400000, 0x000000008a400000| Complete 
| 165|0x000000008a500000, 0x000000008a600000, 0x000000008a600000|100%| E|CS|TAMS 0x000000008a500000, 0x000000008a500000| Complete 
| 166|0x000000008a600000, 0x000000008a700000, 0x000000008a700000|100%| E|CS|TAMS 0x000000008a600000, 0x000000008a600000| Complete 
| 167|0x000000008a700000, 0x000000008a800000, 0x000000008a800000|100%| E|CS|TAMS 0x000000008a700000, 0x000000008a700000| Complete 
| 168|0x000000008a800000, 0x000000008a900000, 0x000000008a900000|100%| E|CS|TAMS 0x000000008a800000, 0x000000008a800000| Complete 
| 169|0x000000008a900000, 0x000000008aa00000, 0x000000008aa00000|100%| E|CS|TAMS 0x000000008a900000, 0x000000008a900000| Complete 
| 170|0x000000008aa00000, 0x000000008ab00000, 0x000000008ab00000|100%| E|CS|TAMS 0x000000008aa00000, 0x000000008aa00000| Complete 
| 171|0x000000008ab00000, 0x000000008ac00000, 0x000000008ac00000|100%| E|CS|TAMS 0x000000008ab00000, 0x000000008ab00000| Complete 
| 172|0x000000008ac00000, 0x000000008ad00000, 0x000000008ad00000|100%| E|CS|TAMS 0x000000008ac00000, 0x000000008ac00000| Complete 
| 173|0x000000008ad00000, 0x000000008ae00000, 0x000000008ae00000|100%| E|CS|TAMS 0x000000008ad00000, 0x000000008ad00000| Complete 
| 174|0x000000008ae00000, 0x000000008af00000, 0x000000008af00000|100%| E|CS|TAMS 0x000000008ae00000, 0x000000008ae00000| Complete 
| 175|0x000000008af00000, 0x000000008aff61b0, 0x000000008b000000| 96%| S|CS|TAMS 0x000000008af00000, 0x000000008af00000| Complete 
| 176|0x000000008b000000, 0x000000008b100000, 0x000000008b100000|100%| S|CS|TAMS 0x000000008b000000, 0x000000008b000000| Complete 
| 177|0x000000008b100000, 0x000000008b200000, 0x000000008b200000|100%| S|CS|TAMS 0x000000008b100000, 0x000000008b100000| Complete 
| 178|0x000000008b200000, 0x000000008b300000, 0x000000008b300000|100%| S|CS|TAMS 0x000000008b200000, 0x000000008b200000| Complete 
| 179|0x000000008b300000, 0x000000008b400000, 0x000000008b400000|100%| S|CS|TAMS 0x000000008b300000, 0x000000008b300000| Complete 
| 180|0x000000008b400000, 0x000000008b500000, 0x000000008b500000|100%| S|CS|TAMS 0x000000008b400000, 0x000000008b400000| Complete 
| 181|0x000000008b500000, 0x000000008b600000, 0x000000008b600000|100%| E|CS|TAMS 0x000000008b500000, 0x000000008b500000| Complete 
| 182|0x000000008b600000, 0x000000008b700000, 0x000000008b700000|100%| E|CS|TAMS 0x000000008b600000, 0x000000008b600000| Complete 
| 183|0x000000008b700000, 0x000000008b800000, 0x000000008b800000|100%| E|CS|TAMS 0x000000008b700000, 0x000000008b700000| Complete 
| 184|0x000000008b800000, 0x000000008b900000, 0x000000008b900000|100%| E|CS|TAMS 0x000000008b800000, 0x000000008b800000| Complete 
| 185|0x000000008b900000, 0x000000008ba00000, 0x000000008ba00000|100%| E|CS|TAMS 0x000000008b900000, 0x000000008b900000| Complete 
| 186|0x000000008ba00000, 0x000000008bb00000, 0x000000008bb00000|100%| E|CS|TAMS 0x000000008ba00000, 0x000000008ba00000| Complete 
| 187|0x000000008bb00000, 0x000000008bc00000, 0x000000008bc00000|100%| E|CS|TAMS 0x000000008bb00000, 0x000000008bb00000| Complete 
| 188|0x000000008bc00000, 0x000000008bd00000, 0x000000008bd00000|100%| E|CS|TAMS 0x000000008bc00000, 0x000000008bc00000| Complete 
| 189|0x000000008bd00000, 0x000000008be00000, 0x000000008be00000|100%| E|CS|TAMS 0x000000008bd00000, 0x000000008bd00000| Complete 
| 190|0x000000008be00000, 0x000000008bf00000, 0x000000008bf00000|100%| E|CS|TAMS 0x000000008be00000, 0x000000008be00000| Complete 
| 191|0x000000008bf00000, 0x000000008c000000, 0x000000008c000000|100%| E|CS|TAMS 0x000000008bf00000, 0x000000008bf00000| Complete 
| 192|0x000000008c000000, 0x000000008c100000, 0x000000008c100000|100%| E|CS|TAMS 0x000000008c000000, 0x000000008c000000| Complete 
| 193|0x000000008c100000, 0x000000008c200000, 0x000000008c200000|100%| E|CS|TAMS 0x000000008c100000, 0x000000008c100000| Complete 
| 194|0x000000008c200000, 0x000000008c300000, 0x000000008c300000|100%| E|CS|TAMS 0x000000008c200000, 0x000000008c200000| Complete 
| 195|0x000000008c300000, 0x000000008c400000, 0x000000008c400000|100%| E|CS|TAMS 0x000000008c300000, 0x000000008c300000| Complete 
| 196|0x000000008c400000, 0x000000008c500000, 0x000000008c500000|100%| E|CS|TAMS 0x000000008c400000, 0x000000008c400000| Complete 
| 197|0x000000008c500000, 0x000000008c600000, 0x000000008c600000|100%| E|CS|TAMS 0x000000008c500000, 0x000000008c500000| Complete 
| 198|0x000000008c600000, 0x000000008c700000, 0x000000008c700000|100%| E|CS|TAMS 0x000000008c600000, 0x000000008c600000| Complete 
| 199|0x000000008c700000, 0x000000008c800000, 0x000000008c800000|100%| E|CS|TAMS 0x000000008c700000, 0x000000008c700000| Complete 
| 200|0x000000008c800000, 0x000000008c900000, 0x000000008c900000|100%| E|CS|TAMS 0x000000008c800000, 0x000000008c800000| Complete 
| 201|0x000000008c900000, 0x000000008ca00000, 0x000000008ca00000|100%| E|CS|TAMS 0x000000008c900000, 0x000000008c900000| Complete 
| 202|0x000000008ca00000, 0x000000008cb00000, 0x000000008cb00000|100%| E|CS|TAMS 0x000000008ca00000, 0x000000008ca00000| Complete 
| 203|0x000000008cb00000, 0x000000008cc00000, 0x000000008cc00000|100%| E|CS|TAMS 0x000000008cb00000, 0x000000008cb00000| Complete 
| 204|0x000000008cc00000, 0x000000008cd00000, 0x000000008cd00000|100%| E|CS|TAMS 0x000000008cc00000, 0x000000008cc00000| Complete 
| 205|0x000000008cd00000, 0x000000008ce00000, 0x000000008ce00000|100%| E|CS|TAMS 0x000000008cd00000, 0x000000008cd00000| Complete 
| 206|0x000000008ce00000, 0x000000008cf00000, 0x000000008cf00000|100%| E|CS|TAMS 0x000000008ce00000, 0x000000008ce00000| Complete 
| 207|0x000000008cf00000, 0x000000008d000000, 0x000000008d000000|100%| E|CS|TAMS 0x000000008cf00000, 0x000000008cf00000| Complete 
| 208|0x000000008d000000, 0x000000008d100000, 0x000000008d100000|100%| E|CS|TAMS 0x000000008d000000, 0x000000008d000000| Complete 
| 209|0x000000008d100000, 0x000000008d200000, 0x000000008d200000|100%| E|CS|TAMS 0x000000008d100000, 0x000000008d100000| Complete 
| 210|0x000000008d200000, 0x000000008d300000, 0x000000008d300000|100%| E|CS|TAMS 0x000000008d200000, 0x000000008d200000| Complete 
| 211|0x000000008d300000, 0x000000008d400000, 0x000000008d400000|100%| E|CS|TAMS 0x000000008d300000, 0x000000008d300000| Complete 
| 212|0x000000008d400000, 0x000000008d500000, 0x000000008d500000|100%| E|CS|TAMS 0x000000008d400000, 0x000000008d400000| Complete 
| 213|0x000000008d500000, 0x000000008d600000, 0x000000008d600000|100%| E|CS|TAMS 0x000000008d500000, 0x000000008d500000| Complete 
| 214|0x000000008d600000, 0x000000008d700000, 0x000000008d700000|100%| E|CS|TAMS 0x000000008d600000, 0x000000008d600000| Complete 
| 215|0x000000008d700000, 0x000000008d800000, 0x000000008d800000|100%| E|CS|TAMS 0x000000008d700000, 0x000000008d700000| Complete 
| 216|0x000000008d800000, 0x000000008d900000, 0x000000008d900000|100%| E|CS|TAMS 0x000000008d800000, 0x000000008d800000| Complete 
| 217|0x000000008d900000, 0x000000008da00000, 0x000000008da00000|100%| E|  |TAMS 0x000000008d900000, 0x000000008d900000| Complete 
| 218|0x000000008da00000, 0x000000008db00000, 0x000000008db00000|100%| E|CS|TAMS 0x000000008da00000, 0x000000008da00000| Complete 
| 219|0x000000008db00000, 0x000000008dc00000, 0x000000008dc00000|100%| E|CS|TAMS 0x000000008db00000, 0x000000008db00000| Complete 
| 220|0x000000008dc00000, 0x000000008dd00000, 0x000000008dd00000|100%| E|CS|TAMS 0x000000008dc00000, 0x000000008dc00000| Complete 
| 221|0x000000008dd00000, 0x000000008de00000, 0x000000008de00000|100%| E|CS|TAMS 0x000000008dd00000, 0x000000008dd00000| Complete 
| 222|0x000000008de00000, 0x000000008df00000, 0x000000008df00000|100%| E|CS|TAMS 0x000000008de00000, 0x000000008de00000| Complete 
| 223|0x000000008df00000, 0x000000008e000000, 0x000000008e000000|100%| E|CS|TAMS 0x000000008df00000, 0x000000008df00000| Complete 
| 224|0x000000008e000000, 0x000000008e100000, 0x000000008e100000|100%| E|CS|TAMS 0x000000008e000000, 0x000000008e000000| Complete 
| 225|0x000000008e100000, 0x000000008e200000, 0x000000008e200000|100%| E|CS|TAMS 0x000000008e100000, 0x000000008e100000| Complete 
| 226|0x000000008e200000, 0x000000008e300000, 0x000000008e300000|100%| E|CS|TAMS 0x000000008e200000, 0x000000008e200000| Complete 
| 227|0x000000008e300000, 0x000000008e400000, 0x000000008e400000|100%| E|CS|TAMS 0x000000008e300000, 0x000000008e300000| Complete 
| 228|0x000000008e400000, 0x000000008e500000, 0x000000008e500000|100%| E|CS|TAMS 0x000000008e400000, 0x000000008e400000| Complete 
| 229|0x000000008e500000, 0x000000008e600000, 0x000000008e600000|100%| E|CS|TAMS 0x000000008e500000, 0x000000008e500000| Complete 
| 230|0x000000008e600000, 0x000000008e700000, 0x000000008e700000|100%| E|CS|TAMS 0x000000008e600000, 0x000000008e600000| Complete 
| 231|0x000000008e700000, 0x000000008e800000, 0x000000008e800000|100%| E|CS|TAMS 0x000000008e700000, 0x000000008e700000| Complete 
| 232|0x000000008e800000, 0x000000008e900000, 0x000000008e900000|100%| E|CS|TAMS 0x000000008e800000, 0x000000008e800000| Complete 
| 233|0x000000008e900000, 0x000000008ea00000, 0x000000008ea00000|100%| E|CS|TAMS 0x000000008e900000, 0x000000008e900000| Complete 
| 234|0x000000008ea00000, 0x000000008eb00000, 0x000000008eb00000|100%| E|CS|TAMS 0x000000008ea00000, 0x000000008ea00000| Complete 
| 235|0x000000008eb00000, 0x000000008ec00000, 0x000000008ec00000|100%| E|CS|TAMS 0x000000008eb00000, 0x000000008eb00000| Complete 
| 236|0x000000008ec00000, 0x000000008ed00000, 0x000000008ed00000|100%| E|CS|TAMS 0x000000008ec00000, 0x000000008ec00000| Complete 
| 237|0x000000008ed00000, 0x000000008ee00000, 0x000000008ee00000|100%| E|CS|TAMS 0x000000008ed00000, 0x000000008ed00000| Complete 
| 238|0x000000008ee00000, 0x000000008ef00000, 0x000000008ef00000|100%| E|CS|TAMS 0x000000008ee00000, 0x000000008ee00000| Complete 
| 239|0x000000008ef00000, 0x000000008f000000, 0x000000008f000000|100%| E|CS|TAMS 0x000000008ef00000, 0x000000008ef00000| Complete 
| 240|0x000000008f000000, 0x000000008f100000, 0x000000008f100000|100%| E|CS|TAMS 0x000000008f000000, 0x000000008f000000| Complete 
| 241|0x000000008f100000, 0x000000008f200000, 0x000000008f200000|100%| E|CS|TAMS 0x000000008f100000, 0x000000008f100000| Complete 
| 242|0x000000008f200000, 0x000000008f300000, 0x000000008f300000|100%| E|CS|TAMS 0x000000008f200000, 0x000000008f200000| Complete 
| 243|0x000000008f300000, 0x000000008f400000, 0x000000008f400000|100%| E|CS|TAMS 0x000000008f300000, 0x000000008f300000| Complete 
| 244|0x000000008f400000, 0x000000008f500000, 0x000000008f500000|100%| E|CS|TAMS 0x000000008f400000, 0x000000008f400000| Complete 
| 245|0x000000008f500000, 0x000000008f600000, 0x000000008f600000|100%| E|CS|TAMS 0x000000008f500000, 0x000000008f500000| Complete 
| 246|0x000000008f600000, 0x000000008f700000, 0x000000008f700000|100%| E|CS|TAMS 0x000000008f600000, 0x000000008f600000| Complete 
| 247|0x000000008f700000, 0x000000008f800000, 0x000000008f800000|100%| E|CS|TAMS 0x000000008f700000, 0x000000008f700000| Complete 
| 248|0x000000008f800000, 0x000000008f900000, 0x000000008f900000|100%| E|CS|TAMS 0x000000008f800000, 0x000000008f800000| Complete 
| 249|0x000000008f900000, 0x000000008fa00000, 0x000000008fa00000|100%| E|CS|TAMS 0x000000008f900000, 0x000000008f900000| Complete 
| 250|0x000000008fa00000, 0x000000008fb00000, 0x000000008fb00000|100%| E|CS|TAMS 0x000000008fa00000, 0x000000008fa00000| Complete 
| 251|0x000000008fb00000, 0x000000008fc00000, 0x000000008fc00000|100%| E|CS|TAMS 0x000000008fb00000, 0x000000008fb00000| Complete 
| 252|0x000000008fc00000, 0x000000008fd00000, 0x000000008fd00000|100%| E|CS|TAMS 0x000000008fc00000, 0x000000008fc00000| Complete 
| 253|0x000000008fd00000, 0x000000008fe00000, 0x000000008fe00000|100%| E|CS|TAMS 0x000000008fd00000, 0x000000008fd00000| Complete 

Card table byte_map: [0x0000026ab88b0000,0x0000026ab8cb0000] _byte_map_base: 0x0000026ab84b0000

Marking Bits (Prev, Next): (CMBitMap*) 0x0000026aa18f0c38, (CMBitMap*) 0x0000026aa18f0c70
 Prev Bits: [0x0000026ab90b0000, 0x0000026abb0b0000)
 Next Bits: [0x0000026abb0b0000, 0x0000026abd0b0000)

Polling page: 0x0000026a9f870000

Metaspace:

Usage:
  Non-class:     38.23 MB capacity,    37.61 MB ( 98%) used,   538.73 KB (  1%) free+waste,   103.00 KB ( <1%) overhead. 
      Class:      5.93 MB capacity,     5.55 MB ( 94%) used,   339.52 KB (  6%) free+waste,    50.94 KB ( <1%) overhead. 
       Both:     44.16 MB capacity,    43.15 MB ( 98%) used,   878.25 KB (  2%) free+waste,   153.94 KB ( <1%) overhead. 

Virtual space:
  Non-class space:       40.00 MB reserved,      38.25 MB ( 96%) committed 
      Class space:        1.00 GB reserved,       6.03 MB ( <1%) committed 
             Both:        1.04 GB reserved,      44.28 MB (  4%) committed 

Chunk freelists:
   Non-Class:  2.13 KB
       Class:  1.25 KB
        Both:  3.38 KB

CodeHeap 'non-profiled nmethods': size=120000Kb used=1956Kb max_used=1956Kb free=118043Kb
 bounds [0x0000026ab0a30000, 0x0000026ab0ca0000, 0x0000026ab7f60000]
CodeHeap 'profiled nmethods': size=120000Kb used=7915Kb max_used=7915Kb free=112084Kb
 bounds [0x0000026aa9500000, 0x0000026aa9cc0000, 0x0000026ab0a30000]
CodeHeap 'non-nmethods': size=5760Kb used=2207Kb max_used=2253Kb free=3552Kb
 bounds [0x0000026aa8f60000, 0x0000026aa91d0000, 0x0000026aa9500000]
 total_blobs=4475 nmethods=3702 adapters=684
 compilation: enabled
              stopped_count=0, restarted_count=0
 full_count=0

Compilation events (10 events):
Event: 11.420 Thread 0x0000026ac0639800 nmethod 3720 0x0000026aa9cac590 code [0x0000026aa9cac740, 0x0000026aa9caca18]
Event: 11.420 Thread 0x0000026ac0639800 3721       3       com.google.common.collect.LinkedHashMultimap::succeedsInValueSet (15 bytes)
Event: 11.420 Thread 0x0000026ac0639800 nmethod 3721 0x0000026aa9cacb90 code [0x0000026aa9cacd40, 0x0000026aa9cacfb8]
Event: 11.420 Thread 0x0000026ac0639800 3722       3       com.google.common.collect.LinkedHashMultimap::access$400 (6 bytes)
Event: 11.420 Thread 0x0000026ac0639800 nmethod 3722 0x0000026aa9cad110 code [0x0000026aa9cad2c0, 0x0000026aa9cad4f8]
Event: 11.420 Thread 0x0000026ac0639800 3723       3       com.google.common.collect.Hashing::closedTableSize (37 bytes)
Event: 11.420 Thread 0x0000026ac0639800 nmethod 3723 0x0000026aa9cad610 code [0x0000026aa9cad7e0, 0x0000026aa9cadae8]
Event: 11.420 Thread 0x0000026ac0639800 3724       3       org.objectweb.asm.Type::getSize (86 bytes)
Event: 11.420 Thread 0x0000026ac0639800 nmethod 3724 0x0000026aa9cadc10 code [0x0000026aa9caddc0, 0x0000026aa9cae128]
Event: 11.420 Thread 0x0000026ac0639800 3725       3       org.gradle.model.internal.asm.AsmClassGeneratorUtils::visitType (417 bytes)

GC Heap History (8 events):
Event: 3.479 GC heap before
{Heap before GC invocations=0 (full 0):
 garbage-first heap   total 260096K, used 29696K [0x0000000080000000, 0x0000000100000000)
  region size 1024K, 24 young (24576K), 0 survivors (0K)
 Metaspace       used 9932K, capacity 10195K, committed 10368K, reserved 1058816K
  class space    used 1030K, capacity 1105K, committed 1152K, reserved 1048576K
}
Event: 3.485 GC heap after
{Heap after GC invocations=1 (full 0):
 garbage-first heap   total 260096K, used 9445K [0x0000000080000000, 0x0000000100000000)
  region size 1024K, 3 young (3072K), 3 survivors (3072K)
 Metaspace       used 9932K, capacity 10195K, committed 10368K, reserved 1058816K
  class space    used 1030K, capacity 1105K, committed 1152K, reserved 1048576K
}
Event: 8.448 GC heap before
{Heap before GC invocations=1 (full 0):
 garbage-first heap   total 260096K, used 109797K [0x0000000080000000, 0x0000000100000000)
  region size 1024K, 101 young (103424K), 3 survivors (3072K)
 Metaspace       used 20669K, capacity 21168K, committed 21296K, reserved 1069056K
  class space    used 2566K, capacity 2731K, committed 2816K, reserved 1048576K
}
Event: 8.454 GC heap after
{Heap after GC invocations=2 (full 0):
 garbage-first heap   total 260096K, used 17088K [0x0000000080000000, 0x0000000100000000)
  region size 1024K, 11 young (11264K), 11 survivors (11264K)
 Metaspace       used 20669K, capacity 21168K, committed 21296K, reserved 1069056K
  class space    used 2566K, capacity 2731K, committed 2816K, reserved 1048576K
}
Event: 9.003 GC heap before
{Heap before GC invocations=3 (full 0):
 garbage-first heap   total 260096K, used 68288K [0x0000000080000000, 0x0000000100000000)
  region size 1024K, 61 young (62464K), 11 survivors (11264K)
 Metaspace       used 25741K, capacity 26415K, committed 26496K, reserved 1073152K
  class space    used 3403K, capacity 3638K, committed 3712K, reserved 1048576K
}
Event: 9.008 GC heap after
{Heap after GC invocations=4 (full 0):
 garbage-first heap   total 260096K, used 19168K [0x0000000080000000, 0x0000000100000000)
  region size 1024K, 3 young (3072K), 3 survivors (3072K)
 Metaspace       used 25741K, capacity 26415K, committed 26496K, reserved 1073152K
  class space    used 3403K, capacity 3638K, committed 3712K, reserved 1048576K
}
Event: 9.937 GC heap before
{Heap before GC invocations=4 (full 0):
 garbage-first heap   total 260096K, used 89824K [0x0000000080000000, 0x0000000100000000)
  region size 1024K, 73 young (74752K), 3 survivors (3072K)
 Metaspace       used 35130K, capacity 35885K, committed 35920K, reserved 1081344K
  class space    used 4571K, capacity 4909K, committed 4944K, reserved 1048576K
}
Event: 9.941 GC heap after
{Heap after GC invocations=5 (full 0):
 garbage-first heap   total 260096K, used 22836K [0x0000000080000000, 0x0000000100000000)
  region size 1024K, 6 young (6144K), 6 survivors (6144K)
 Metaspace       used 35130K, capacity 35885K, committed 35920K, reserved 1081344K
  class space    used 4571K, capacity 4909K, committed 4944K, reserved 1048576K
}

Deoptimization events (10 events):
Event: 10.867 Thread 0x0000026ac28a9000 Uncommon trap: reason=unstable_if action=reinterpret pc=0x0000026ab0bc2b34 method=java.util.Arrays.hashCode([Ljava/lang/Object;)I @ 34 c2
Event: 11.125 Thread 0x0000026ac28a9000 Uncommon trap: reason=unstable_if action=reinterpret pc=0x0000026ab0b12778 method=java.util.HashMap.hash(Ljava/lang/Object;)I @ 1 c2
Event: 11.125 Thread 0x0000026ac28a9000 Uncommon trap: reason=unstable_if action=reinterpret pc=0x0000026ab0b0536c method=java.util.HashMap.getNode(ILjava/lang/Object;)Ljava/util/HashMap$Node; @ 53 c2
Event: 11.125 Thread 0x0000026ac28a9000 Uncommon trap: reason=unstable_if action=reinterpret pc=0x0000026ab0a571f4 method=java.util.HashMap.hash(Ljava/lang/Object;)I @ 1 c2
Event: 11.125 Thread 0x0000026ac28a9000 Uncommon trap: reason=unstable_if action=reinterpret pc=0x0000026ab0bc04a4 method=java.util.HashMap.putVal(ILjava/lang/Object;Ljava/lang/Object;ZZ)Ljava/lang/Object; @ 85 c2
Event: 11.127 Thread 0x0000026ac28a9000 Uncommon trap: reason=unstable_if action=reinterpret pc=0x0000026ab0bdd958 method=org.gradle.internal.reflect.PropertyAccessorType.isGetGetterName(Ljava/lang/String;)Z @ 14 c2
Event: 11.146 Thread 0x0000026ac28a9000 Uncommon trap: reason=unstable_if action=reinterpret pc=0x0000026ab0b57d08 method=org.objectweb.asm.ByteVector.putShort(I)Lorg/objectweb/asm/ByteVector; @ 13 c2
Event: 11.330 Thread 0x0000026ac28a9000 Uncommon trap: reason=bimorphic_or_optimized_type_check action=maybe_recompile pc=0x0000026ab0b4d30c method=com.google.common.base.CharMatcher.indexIn(Ljava/lang/CharSequence;I)I @ 31 c2
Event: 11.336 Thread 0x0000026ac28a9000 Uncommon trap: reason=bimorphic_or_optimized_type_check action=maybe_recompile pc=0x0000026ab0b4d30c method=com.google.common.base.CharMatcher.indexIn(Ljava/lang/CharSequence;I)I @ 31 c2
Event: 11.343 Thread 0x0000026ac28a9000 Uncommon trap: reason=bimorphic_or_optimized_type_check action=maybe_recompile pc=0x0000026ab0b4d30c method=com.google.common.base.CharMatcher.indexIn(Ljava/lang/CharSequence;I)I @ 31 c2

Classes redefined (0 events):
No events

Internal exceptions (10 events):
Event: 11.125 Thread 0x0000026ac28a9000 Implicit null exception at 0x0000026ab0b12554 to 0x0000026ab0b1276c
Event: 11.125 Thread 0x0000026ac28a9000 Implicit null exception at 0x0000026ab0a57158 to 0x0000026ab0a571ea
Event: 11.311 Thread 0x0000026ac28a9000 Exception <a 'java/lang/ClassNotFoundException'{0x0000000089977ff0}: build_4gtleue8v1b4e1vhor7393rdmBeanInfo> (0x0000000089977ff0) thrown at [./open/src/hotspot/share/classfile/systemDictionary.cpp, line 226]
Event: 11.311 Thread 0x0000026ac28a9000 Exception <a 'java/lang/ClassNotFoundException'{0x000000008998f3a8}: org/gradle/api/internal/project/ProjectScriptBeanInfo> (0x000000008998f3a8) thrown at [./open/src/hotspot/share/classfile/systemDictionary.cpp, line 226]
Event: 11.312 Thread 0x0000026ac28a9000 Exception <a 'java/lang/ClassNotFoundException'{0x00000000899a6bd8}: org/gradle/api/internal/project/ProjectScriptCustomizer> (0x00000000899a6bd8) thrown at [./open/src/hotspot/share/classfile/systemDictionary.cpp, line 226]
Event: 11.313 Thread 0x0000026ac28a9000 Exception <a 'java/lang/ClassNotFoundException'{0x00000000899c2ad8}: build_4gtleue8v1b4e1vhor7393rdmCustomizer> (0x00000000899c2ad8) thrown at [./open/src/hotspot/share/classfile/systemDictionary.cpp, line 226]
Event: 11.327 Thread 0x0000026ac28a9000 Exception <a 'java/lang/ClassNotFoundException'{0x00000000898575f0}: org/gradle/plugin/use/internal/PluginRequestCollector$PluginDependenciesSpecImplBeanInfo> (0x00000000898575f0) thrown at [./open/src/hotspot/share/classfile/systemDictionary.cpp, line 22
Event: 11.328 Thread 0x0000026ac28a9000 Exception <a 'java/lang/ClassNotFoundException'{0x0000000089886dd0}: org/gradle/plugin/use/internal/PluginRequestCollector$PluginDependenciesSpecImplCustomizer> (0x0000000089886dd0) thrown at [./open/src/hotspot/share/classfile/systemDictionary.cpp, line 
Event: 11.332 Thread 0x0000026ac28a9000 Exception <a 'java/lang/ClassNotFoundException'{0x00000000898f0260}: org/gradle/plugin/use/internal/PluginRequestCollector$PluginDependencySpecImplBeanInfo> (0x00000000898f0260) thrown at [./open/src/hotspot/share/classfile/systemDictionary.cpp, line 226]
Event: 11.333 Thread 0x0000026ac28a9000 Exception <a 'java/lang/ClassNotFoundException'{0x000000008971ee80}: org/gradle/plugin/use/internal/PluginRequestCollector$PluginDependencySpecImplCustomizer> (0x000000008971ee80) thrown at [./open/src/hotspot/share/classfile/systemDictionary.cpp, line 22

Events (10 events):
Event: 11.416 loading class org/gradle/api/internal/artifacts/configurations/PublishArtifactSetProvider
Event: 11.416 loading class org/gradle/api/internal/artifacts/configurations/PublishArtifactSetProvider done
Event: 11.417 loading class org/gradle/api/internal/artifacts/configurations/DefaultConfiguration$ArtifactCollectionResolvedArtifactsFactory
Event: 11.417 loading class org/gradle/api/internal/artifacts/configurations/DefaultConfiguration$ArtifactCollectionResolvedArtifactsFactory done
Event: 11.417 loading class org/gradle/api/internal/artifacts/configurations/DefaultConfiguration$ArtifactSetResult
Event: 11.417 loading class org/gradle/api/internal/artifacts/configurations/DefaultConfiguration$ArtifactSetResult done
Event: 11.417 loading class org/gradle/api/internal/artifacts/configurations/DefaultConfiguration$ConfigurationDescription
Event: 11.417 loading class org/gradle/api/internal/artifacts/configurations/DefaultConfiguration$ConfigurationDescription done
Event: 11.418 loading class org/gradle/internal/Describables$MemoizingDescribable
Event: 11.418 loading class org/gradle/internal/Describables$MemoizingDescribable done


Dynamic libraries:
0x00007ff7593e0000 - 0x00007ff7593ef000 	D:\jdk\jdk11\bin\java.exe
0x00007ff91b2b0000 - 0x00007ff91b4a8000 	C:\WINDOWS\SYSTEM32\ntdll.dll
0x00007ff9198a0000 - 0x00007ff91995d000 	C:\WINDOWS\System32\KERNEL32.DLL
0x00007ff919030000 - 0x00007ff919302000 	C:\WINDOWS\System32\KERNELBASE.dll
0x00007ff918a70000 - 0x00007ff918b70000 	C:\WINDOWS\System32\ucrtbase.dll
0x00007ff9006a0000 - 0x00007ff9006b5000 	D:\jdk\jdk11\bin\VCRUNTIME140.dll
0x00007ff901b00000 - 0x00007ff901b18000 	D:\jdk\jdk11\bin\jli.dll
0x00007ff919520000 - 0x00007ff9195ce000 	C:\WINDOWS\System32\ADVAPI32.dll
0x00007ff9195d0000 - 0x00007ff91966e000 	C:\WINDOWS\System32\msvcrt.dll
0x00007ff919960000 - 0x00007ff9199fc000 	C:\WINDOWS\System32\sechost.dll
0x00007ff919670000 - 0x00007ff919795000 	C:\WINDOWS\System32\RPCRT4.dll
0x00007ff91a8b0000 - 0x00007ff91aa4d000 	C:\WINDOWS\System32\USER32.dll
0x00007ff918c60000 - 0x00007ff918c82000 	C:\WINDOWS\System32\win32u.dll
0x00007ff919310000 - 0x00007ff91933b000 	C:\WINDOWS\System32\GDI32.dll
0x00007ff918d20000 - 0x00007ff918e2f000 	C:\WINDOWS\System32\gdi32full.dll
0x00007ff918bc0000 - 0x00007ff918c5d000 	C:\WINDOWS\System32\msvcp_win.dll
0x00007ff8faeb0000 - 0x00007ff8fb14a000 	C:\WINDOWS\WinSxS\amd64_microsoft.windows.common-controls_6595b64144ccf1df_6.0.19041.1110_none_60b5254171f9507e\COMCTL32.dll
0x00007ff90b8b0000 - 0x00007ff90b8ba000 	C:\WINDOWS\SYSTEM32\VERSION.dll
0x00007ff91a880000 - 0x00007ff91a8b0000 	C:\WINDOWS\System32\IMM32.DLL
0x00007ff8dcba0000 - 0x00007ff8dcc3b000 	D:\jdk\jdk11\bin\msvcp140.dll
0x00007ff88ba80000 - 0x00007ff88c598000 	D:\jdk\jdk11\bin\server\jvm.dll
0x00007ff91a460000 - 0x00007ff91a468000 	C:\WINDOWS\System32\PSAPI.DLL
0x00007ff8fd8a0000 - 0x00007ff8fd8c7000 	C:\WINDOWS\SYSTEM32\WINMM.dll
0x00007ff910140000 - 0x00007ff910149000 	C:\WINDOWS\SYSTEM32\WSOCK32.dll
0x00007ff919f70000 - 0x00007ff919fdb000 	C:\WINDOWS\System32\WS2_32.dll
0x00007ff917210000 - 0x00007ff917222000 	C:\WINDOWS\SYSTEM32\kernel.appcore.dll
0x00007ff90bc40000 - 0x00007ff90bc50000 	D:\jdk\jdk11\bin\verify.dll
0x00007ff916f20000 - 0x00007ff917104000 	C:\WINDOWS\SYSTEM32\DBGHELP.DLL
0x00007ff90a710000 - 0x00007ff90a73c000 	C:\WINDOWS\SYSTEM32\dbgcore.DLL
0x00007ff918c90000 - 0x00007ff918d12000 	C:\WINDOWS\System32\bcryptPrimitives.dll
0x00007ff8f3e90000 - 0x00007ff8f3eb8000 	D:\jdk\jdk11\bin\java.dll
0x00007ff901900000 - 0x00007ff90190a000 	D:\jdk\jdk11\bin\jimage.dll
0x00007ff8f3e70000 - 0x00007ff8f3e86000 	D:\jdk\jdk11\bin\zip.dll
0x00007ff91ab20000 - 0x00007ff91b263000 	C:\WINDOWS\System32\SHELL32.dll
0x00007ff916780000 - 0x00007ff916f11000 	C:\WINDOWS\SYSTEM32\windows.storage.dll
0x00007ff91a520000 - 0x00007ff91a874000 	C:\WINDOWS\System32\combase.dll
0x00007ff918420000 - 0x00007ff918450000 	C:\WINDOWS\SYSTEM32\Wldp.dll
0x00007ff919470000 - 0x00007ff91951d000 	C:\WINDOWS\System32\SHCORE.dll
0x00007ff919c50000 - 0x00007ff919ca5000 	C:\WINDOWS\System32\shlwapi.dll
0x00007ff918900000 - 0x00007ff91891f000 	C:\WINDOWS\SYSTEM32\profapi.dll
0x00007ff8f3e50000 - 0x00007ff8f3e69000 	D:\jdk\jdk11\bin\net.dll
0x00007ff90f810000 - 0x00007ff90f91d000 	C:\WINDOWS\SYSTEM32\WINHTTP.dll
0x00007ff918110000 - 0x00007ff91817a000 	C:\WINDOWS\system32\mswsock.dll
0x00007ff8f3e30000 - 0x00007ff8f3e42000 	D:\jdk\jdk11\bin\nio.dll
0x00007ff8f4330000 - 0x00007ff8f4357000 	C:\Users\Cruise\.gradle\native\e1d6ef7f7dcc3fd88c89a11ec53ec762bb8ba0a96d01ffa2cd45eb1d1d8dd5c5\windows-amd64\native-platform.dll
0x00007ff8e1840000 - 0x00007ff8e1984000 	C:\Users\Cruise\.gradle\native\0d407fdbe67a94daf76414ababcb853783967236a71b16ec16e742cd7a986fd3\windows-amd64\native-platform-file-events.dll
0x00007ff900630000 - 0x00007ff900639000 	D:\jdk\jdk11\bin\management.dll
0x00007ff8fffd0000 - 0x00007ff8fffdb000 	D:\jdk\jdk11\bin\management_ext.dll
0x00007ff918300000 - 0x00007ff918318000 	C:\WINDOWS\SYSTEM32\CRYPTSP.dll
0x00007ff9179c0000 - 0x00007ff9179f4000 	C:\WINDOWS\system32\rsaenh.dll
0x00007ff918f90000 - 0x00007ff918fb7000 	C:\WINDOWS\System32\bcrypt.dll
0x00007ff9188c0000 - 0x00007ff9188ee000 	C:\WINDOWS\SYSTEM32\USERENV.dll
0x00007ff918320000 - 0x00007ff91832c000 	C:\WINDOWS\SYSTEM32\CRYPTBASE.dll
0x00007ff917e00000 - 0x00007ff917e3b000 	C:\WINDOWS\SYSTEM32\IPHLPAPI.DLL
0x00007ff91ab10000 - 0x00007ff91ab18000 	C:\WINDOWS\System32\NSI.dll
0x00007ff90cae0000 - 0x00007ff90caf7000 	C:\WINDOWS\SYSTEM32\dhcpcsvc6.DLL
0x00007ff90cb90000 - 0x00007ff90cbad000 	C:\WINDOWS\SYSTEM32\dhcpcsvc.DLL
0x00007ff917e40000 - 0x00007ff917f0a000 	C:\WINDOWS\SYSTEM32\DNSAPI.dll

dbghelp: loaded successfully - version: 4.0.5 - missing functions: none
symbol engine: initialized successfully - sym options: 0x614 - pdb path: .;D:\jdk\jdk11\bin;C:\WINDOWS\SYSTEM32;C:\WINDOWS\WinSxS\amd64_microsoft.windows.common-controls_6595b64144ccf1df_6.0.19041.1110_none_60b5254171f9507e;D:\jdk\jdk11\bin\server;C:\Users\Cruise\.gradle\native\e1d6ef7f7dcc3fd88c89a11ec53ec762bb8ba0a96d01ffa2cd45eb1d1d8dd5c5\windows-amd64;C:\Users\Cruise\.gradle\native\0d407fdbe67a94daf76414ababcb853783967236a71b16ec16e742cd7a986fd3\windows-amd64

VM Arguments:
jvm_args: --add-opens=java.base/java.util=ALL-UNNAMED --add-opens=java.base/java.lang=ALL-UNNAMED --add-opens=java.base/java.lang.invoke=ALL-UNNAMED --add-opens=java.base/java.util=ALL-UNNAMED --add-opens=java.prefs/java.util.prefs=ALL-UNNAMED --add-opens=java.prefs/java.util.prefs=ALL-UNNAMED --add-opens=java.base/java.nio.charset=ALL-UNNAMED --add-opens=java.base/java.net=ALL-UNNAMED --add-opens=java.base/java.util.concurrent.atomic=ALL-UNNAMED -Xmx2048m -Dfile.encoding=UTF-8 -Duser.country=CN -Duser.language=zh -Duser.variant 
java_command: org.gradle.launcher.daemon.bootstrap.GradleDaemon 7.4
java_class_path (initial): C:\Users\Cruise\.gradle\wrapper\dists\gradle-7.4-bin\c0gwcg53nkjbqw7r0h0umtfvt\gradle-7.4\lib\gradle-launcher-7.4.jar
Launcher Type: SUN_STANDARD

[Global flags]
     intx CICompilerCount                          = 4                                         {product} {ergonomic}
     uint ConcGCThreads                            = 3                                         {product} {ergonomic}
     uint G1ConcRefinementThreads                  = 10                                        {product} {ergonomic}
   size_t G1HeapRegionSize                         = 1048576                                   {product} {ergonomic}
    uintx GCDrainStackTargetSize                   = 64                                        {product} {ergonomic}
   size_t InitialHeapSize                          = 266338304                                 {product} {ergonomic}
   size_t MarkStackSize                            = 4194304                                   {product} {ergonomic}
   size_t MaxHeapSize                              = 2147483648                                {product} {command line}
   size_t MaxNewSize                               = 1287651328                                {product} {ergonomic}
   size_t MinHeapDeltaBytes                        = 1048576                                   {product} {ergonomic}
    uintx NonNMethodCodeHeapSize                   = 5836300                                {pd product} {ergonomic}
    uintx NonProfiledCodeHeapSize                  = 122910970                              {pd product} {ergonomic}
    uintx ProfiledCodeHeapSize                     = 122910970                              {pd product} {ergonomic}
    uintx ReservedCodeCacheSize                    = 251658240                              {pd product} {ergonomic}
     bool SegmentedCodeCache                       = true                                      {product} {ergonomic}
     bool UseCompressedClassPointers               = true                                 {lp64_product} {ergonomic}
     bool UseCompressedOops                        = true                                 {lp64_product} {ergonomic}
     bool UseG1GC                                  = true                                      {product} {ergonomic}
     bool UseLargePagesIndividualAllocation        = false                                  {pd product} {ergonomic}

Logging:
Log output configuration:
 #0: stdout all=warning uptime,level,tags
 #1: stderr all=off uptime,level,tags

Environment Variables:
JAVA_HOME=D:\jdk\Java\jdk1.8.0_144
CLASSPATH=.;D:\jdk\Java\jdk1.8.0_144\lib;D:\jdk\Java\jdk1.8.0_144\lib\tools.jar
PATH=C:\Program Files\Common Files\Oracle\Java\javapath;D:\vmware\bin\;D:\jdk\Java\jdk1.8.0_144\bin;D:\jdk\Java\jdk1.8.0_144\jre\bin;C:\Program Files (x86)\Common Files\Oracle\Java\javapath;C:\Windows\system32;C:\Windows;C:\Windows\System32\Wbem;C:\Windows\System32\WindowsPowerShell\v1.0\;C:\Windows\System32\OpenSSH\;C:\Program Files (x86)\NVIDIA Corporation\PhysX\Common;C:\Program Files\NVIDIA Corporation\NVIDIA NvDLISR;C:\WINDOWS\system32;C:\WINDOWS;C:\WINDOWS\System32\Wbem;C:\WINDOWS\System32\WindowsPowerShell\v1.0\;C:\WINDOWS\System32\OpenSSH\;D:\Matlab\runtime\win64;D:\Matlab\bin;D:\Matlab\polyspace\bin;d:\SQL x86\100\Tools\Binn\;d:\SQL\100\Tools\Binn\;d:\SQL\100\DTS\Binn\;d:\SQL x86\100\Tools\Binn\VSShell\Common7\IDE\;C:\Program Files (x86)\Microsoft Visual Studio 9.0\Common7\IDE\PrivateAssemblies\;d:\SQL x86\100\DTS\Binn\;D:\Mingw\bin;C:\Program Files\MySQL\MySQL Server 8.0\bin;D:\Maven\apache-maven-3.8.5\bin;C:\Program Files\MySQL\MySQL Server 5.7\bin;D:\apache-tomcat-7.0.93\apache-tomcat-7.0.93\bin;D:\Git\cmd;C:\Users\Cruise\AppData\Local\Microsoft\WindowsApps;C:\Program Files\Bandizip\;D:\Microsoft VS Code\bin;D:\IDEA\IntelliJ IDEA 2022.1\bin;;D:\Mingw\bin;
USERNAME=Cruise
OS=Windows_NT
PROCESSOR_IDENTIFIER=Intel64 Family 6 Model 166 Stepping 0, GenuineIntel



---------------  S Y S T E M  ---------------

OS: Windows 10 , 64 bit Build 19041 (10.0.19041.1889)

CPU:total 12 (initial active 12) (6 cores per cpu, 2 threads per core) family 6 model 166 stepping 0 microcode 0xb4, cmov, cx8, fxsr, mmx, sse, sse2, sse3, ssse3, sse4.1, sse4.2, popcnt, avx, avx2, aes, clmul, erms, 3dnowpref, lzcnt, ht, tsc, tscinvbit, bmi1, bmi2, adx, fma

Memory: 4k page, system-wide physical 16214M (348M free)
TotalPageFile size 29014M (AvailPageFile size 7M)
current process WorkingSet (physical memory assigned to process): 303M, peak: 303M
current process commit charge ("private bytes"): 469M, peak: 473M

vm_info: Java HotSpot(TM) 64-Bit Server VM (11.0.16.1+1-LTS-1) for windows-amd64 JRE (11.0.16.1+1-LTS-1), built on Aug 16 2022 01:46:01 by "mach5one" with MS VC++ 15.9 (VS2017)

END.
